[LOG] System::create                           : Header version = 1.10.06. Current version = 1.10.06.
[LOG] SystemI::setOutputInternal               : Setting output to 'FMOD WASAPI Output'
[LOG] Manager::init                            : maxchannels = 1024 studioflags = 00000009 flags 00000000 extradriverdata 0000000000000000.
[LOG] SystemI::init                            : Initialize version=11006 (95384), maxchannels=1024, flags=0x00030000
[LOG] OutputWASAPI::init                       : Mix Format (WAVEFORMATEX): wFormatTag=0xFFFE, nChannels=2, nSamplesPerSec=44100, nAvgBytesPerSec=352800, nBlockAlign=8, wBitsPerSample=32, cbSize=22.
[LOG] OutputWASAPI::init                       : Mix Format (WAVEFORMATEXTENSIBLE): wValidBitsPerSample=32, dwChannelMask=0x00000003, SubFormat=00000003-0000-0010-8000-00AA00389B71.
[LOG] OutputWASAPI::init                       : Output buffer size: 3760 samples, latency: 0.00ms, period: 10.00ms, DSP buffer: 1024 * 4
[WRN] SystemI::init                            : Output requires a sample rate of 44100Hz, resampling will occur.
[LOG] Thread::initThread                       : Init FMOD stream thread. Priority: 2, Stack Size: 65536, Semaphore: No, Sleep Time: 10, Looping: Yes.
[LOG] SystemI::DSPCodecPoolRegister            : register codec pool for pool type 5
[LOG] Thread::initThread                       : Init FMOD mixer thread. Priority: 3, Stack Size: 49152, Semaphore: No, Sleep Time: 0, Looping: Yes.
[LOG] AsyncManager::init                       : manager 000000003ECEAA08 isAsync 1 updatePeriod 0.02
[LOG] Thread::initThread                       : Init FMOD Studio update thread. Priority: 0, Stack Size: 65536, Semaphore: No, Sleep Time: 1, Looping: No.
[LOG] AsyncManager::init                       : done
[LOG] PlaybackSystem::init                     : 
[LOG] Thread::initThread                       : Init FMOD Studio sample load thread. Priority: 0, Stack Size: 65536, Semaphore: No, Sleep Time: 1, Looping: No.
[LOG] PlaybackSystem::init                     : done
[LOG] LiveUpdate::init                         : 
[LOG] Thread::initThread                       : Init FMOD Studio bank load thread. Priority: 0, Stack Size: 65536, Semaphore: No, Sleep Time: 1, Looping: No.
[LOG] Manager::init                            : done.
[LOG] Profile::init                            : Profiler listening on port: 9264
[LOG] Manager::readBank                        : fileversion = 100, compatVersion = 99 (oldest = 44, newest = 100)
[LOG] Manager::readBank                        : fileversion = 100, compatVersion = 99 (oldest = 44, newest = 100)
[LOG] PlaybackSystem::acquireMasterBus         : Setting master channel group format to 6
[LOG] SystemI::createSound                     : filename = C:\Users\John\Documents\GitHub\WGJ-Week-53\WGJ Week 53 FMOD Session\Build\Desktop/Master Bank.bank : mode 02010082
[LOG] SystemI::createSound                     : FMOD_NONBLOCKING specified.  Putting into queue to be opened asynchronously!
[LOG] Thread::initThread                       : Init FMOD nonblocking thread (0). Priority: 1, Stack Size: 81920, Semaphore: Yes, Sleep Time: 0, Looping: Yes.
[LOG] SystemI::createSound                     : setdata soundi = 0000000043440E68 : node = 0000000043083730
[LOG] SystemI::createSound                     : add node to async list : head = 000000004D561AD8.  list count = 0
[LOG] AsyncThread::threadFunc                  : Starting Asynchronous operation on sound 0000000043440E68
[LOG] SystemI::createSoundInternal             :     Create name='C:\Users\John\Documents\GitHub\WGJ-Week-53\WGJ Week 53 FMOD Session\Build\Desktop/Master Bank.bank', mode=0x02010082
[LOG] SystemI::createSoundInternal             :     exinfo->cbsize             = 232
[LOG] SystemI::createSoundInternal             :     exinfo->length             = 2260448
[LOG] SystemI::createSoundInternal             :     exinfo->fileoffset         = 25856
[LOG] SystemI::createSoundInternal             :     exinfo->numsubsounds       = 1
[LOG] SystemI::createSoundInternal             :     exinfo->inclusionlist      = 0000000043083848
[LOG] SystemI::createSoundInternal             :     exinfo->inclusionlistnum   = 1
[LOG] SystemI::createSoundInternal             :     exinfo->suggestedsoundtype = 5
[LOG] SystemI::createSoundInternal             :     exinfo->initialseekpostype = 1
[LOG] SystemI::createSoundInternal             :     Create name='', mode=0x02000202
[LOG] SystemI::createSoundInternal             :     exinfo->cbsize             = 232
[LOG] SystemI::createSoundInternal             :     exinfo->length             = 2260448
[LOG] SystemI::createSoundInternal             :     exinfo->fileoffset         = 25856
[LOG] SystemI::createSoundInternal             :     exinfo->numsubsounds       = 1
[LOG] SystemI::createSoundInternal             :     exinfo->inclusionlist      = 000000005398F5FC
[LOG] SystemI::createSoundInternal             :     exinfo->inclusionlistnum   = 1
[LOG] SystemI::createSoundInternal             :     exinfo->suggestedsoundtype = 5
[LOG] SystemI::createSoundInternal             :     exinfo->useropen           = 00007FFD46C4E4B0
[LOG] SystemI::createSoundInternal             :     exinfo->userclose          = 00007FFD46C4E480
[LOG] SystemI::createSoundInternal             :     exinfo->userread           = 00007FFD46C4E580
[LOG] SystemI::createSoundInternal             :     exinfo->userseek           = 00007FFD46C4E640
[LOG] SystemI::createSoundInternal             :     exinfo->fileuserdata       = 0000000055B91CD8
[LOG] SystemI::createSoundInternal             :     exinfo->initialseekpostype = 1
[LOG] SystemI::DSPCodecPoolRegister            :     register codec pool for pool type 5
[LOG] SystemI::createSoundInternal             :     Sample 0/1: name='Button_Hover', format=2, channels=2, frequency=48000, lengthbytes=1984, lengthpcm=5308, pcmblocksize=0, loopstart=0, loopend=0, mode=0x00000000, channelmask=0x00000000, channelorder=0, peakvolume=0.415710.
[LOG] SystemI::createSoundInternal             :     Stream 0/1: name='Ambience_1', format=2, channels=2, frequency=48000, lengthbytes=305440, lengthpcm=1152000, pcmblocksize=0, loopstart=0, loopend=0, mode=0x00000000, channelmask=0x00000000, channelorder=0, peakvolume=0.024780.
[LOG] Thread::initThread                       :     Init FMOD file thread. Priority: 1, Stack Size: 16384, Semaphore: No, Sleep Time: 10, Looping: Yes.
[LOG] AsyncThread::threadFunc                  : Finished Asynchronous operation on sound 0000000043440E68
[LOG] SoundI::getSubSound                      : sound 0000000043440E68.  Subsound index 0 / 1
[LOG] AsyncThread::threadFunc                  : Starting Asynchronous operation on sound 00000000434407A8
[LOG] AsyncThread::threadFunc                  : Finished Asynchronous operation on sound 00000000434407A8
[LOG] SystemI::createSound                     : filename = C:\Users\John\Documents\GitHub\WGJ-Week-53\WGJ Week 53 FMOD Session\Build\Desktop/Master Bank.bank : mode 02010082
[LOG] SystemI::createSound                     : FMOD_NONBLOCKING specified.  Putting into queue to be opened asynchronously!
[LOG] SystemI::createSound                     : setdata soundi = 0000000043441BE8 : node = 0000000043082E00
[LOG] SystemI::createSound                     : add node to async list : head = 000000004D561AD8.  list count = 0
[LOG] AsyncThread::threadFunc                  : Starting Asynchronous operation on sound 0000000043441BE8
[LOG] SystemI::createSoundInternal             :     Create name='C:\Users\John\Documents\GitHub\WGJ-Week-53\WGJ Week 53 FMOD Session\Build\Desktop/Master Bank.bank', mode=0x02010082
[LOG] SystemI::createSoundInternal             :     exinfo->cbsize             = 232
[LOG] SystemI::createSoundInternal             :     exinfo->length             = 2260448
[LOG] SystemI::createSoundInternal             :     exinfo->fileoffset         = 25856
[LOG] SystemI::createSoundInternal             :     exinfo->numsubsounds       = 1
[LOG] SystemI::createSoundInternal             :     exinfo->inclusionlist      = 0000000043082F18
[LOG] SystemI::createSoundInternal             :     exinfo->inclusionlistnum   = 1
[LOG] SystemI::createSoundInternal             :     exinfo->suggestedsoundtype = 5
[LOG] SystemI::createSoundInternal             :     exinfo->initialseekpostype = 1
[LOG] SystemI::createSoundInternal             :     Create name='', mode=0x02000202
[LOG] SystemI::createSoundInternal             :     exinfo->cbsize             = 232
[LOG] SystemI::createSoundInternal             :     exinfo->length             = 2260448
[LOG] SystemI::createSoundInternal             :     exinfo->fileoffset         = 25856
[LOG] SystemI::createSoundInternal             :     exinfo->numsubsounds       = 1
[LOG] SystemI::createSoundInternal             :     exinfo->inclusionlist      = 000000005398F5FC
[LOG] SystemI::createSoundInternal             :     exinfo->inclusionlistnum   = 1
[LOG] SystemI::createSoundInternal             :     exinfo->suggestedsoundtype = 5
[LOG] SystemI::createSoundInternal             :     exinfo->useropen           = 00007FFD46C4E4B0
[LOG] SystemI::createSoundInternal             :     exinfo->userclose          = 00007FFD46C4E480
[LOG] SystemI::createSoundInternal             :     exinfo->userread           = 00007FFD46C4E580
[LOG] SystemI::createSoundInternal             :     exinfo->userseek           = 00007FFD46C4E640
[LOG] SystemI::createSoundInternal             :     exinfo->fileuserdata       = 000000003E8FE8D8
[LOG] SystemI::createSoundInternal             :     exinfo->initialseekpostype = 1
[LOG] SystemI::createSoundInternal             :     Stream 0/1: name='MusicPart_Intro', format=2, channels=2, frequency=48000, lengthbytes=456352, lengthpcm=1474560, pcmblocksize=0, loopstart=0, loopend=0, mode=0x00000000, channelmask=0x00000000, channelorder=0, peakvolume=0.313354.
[LOG] SystemI::DSPCodecPoolRegister            :     register codec pool for pool type 5
[LOG] SystemI::createSoundInternal             :     Sample 0/1: name='FlowerPickUp_Synth2', format=2, channels=2, frequency=48000, lengthbytes=7616, lengthpcm=45911, pcmblocksize=0, loopstart=0, loopend=0, mode=0x00000000, channelmask=0x00000000, channelorder=0, peakvolume=0.324829.
[LOG] AsyncThread::threadFunc                  : Finished Asynchronous operation on sound 0000000043441BE8
[LOG] SoundI::getSubSound                      : sound 0000000043441BE8.  Subsound index 0 / 1
[LOG] SystemI::createSoundInternal             : Create name='', mode=0x02000202
[LOG] SystemI::createSoundInternal             : exinfo->cbsize             = 232
[LOG] SystemI::createSoundInternal             : exinfo->length             = 2260448
[LOG] SystemI::createSoundInternal             : exinfo->fileoffset         = 25856
[LOG] SystemI::createSoundInternal             : exinfo->numsubsounds       = 1
[LOG] SystemI::createSoundInternal             : exinfo->inclusionlist      = 000000005398F5FC
[LOG] SystemI::createSoundInternal             : exinfo->inclusionlistnum   = 1
[LOG] SystemI::createSoundInternal             : exinfo->suggestedsoundtype = 5
[LOG] SystemI::createSoundInternal             : exinfo->useropen           = 00007FFD46C4E4B0
[LOG] SystemI::createSoundInternal             : exinfo->userclose          = 00007FFD46C4E480
[LOG] SystemI::createSoundInternal             : exinfo->userread           = 00007FFD46C4E580
[LOG] SystemI::createSoundInternal             : exinfo->userseek           = 00007FFD46C4E640
[LOG] SystemI::createSoundInternal             : exinfo->fileuserdata       = 000000004D73AA78
[LOG] SystemI::createSoundInternal             : exinfo->initialseekpostype = 1
[LOG] SystemI::DSPCodecPoolRegister            : register codec pool for pool type 5
[LOG] SystemI::createSoundInternal             : Sample 0/1: name='FlowerPickUp_Poof3', format=2, channels=2, frequency=48000, lengthbytes=8256, lengthpcm=36409, pcmblocksize=0, loopstart=0, loopend=0, mode=0x00000000, channelmask=0x00000000, channelorder=0, peakvolume=0.634247.
[LOG] SystemI::createSoundInternal             : Create name='', mode=0x02000202
[LOG] SystemI::createSoundInternal             : exinfo->cbsize             = 232
[LOG] SystemI::createSoundInternal             : exinfo->length             = 2260448
[LOG] SystemI::createSoundInternal             : exinfo->fileoffset         = 25856
[LOG] SystemI::createSoundInternal             : exinfo->numsubsounds       = 1
[LOG] SystemI::createSoundInternal             : exinfo->inclusionlist      = 000000005398F5FC
[LOG] SystemI::createSoundInternal             : exinfo->inclusionlistnum   = 1
[LOG] SystemI::createSoundInternal             : exinfo->suggestedsoundtype = 5
[LOG] SystemI::createSoundInternal             : exinfo->useropen           = 00007FFD46C4E4B0
[LOG] SystemI::createSoundInternal             : exinfo->userclose          = 00007FFD46C4E480
[LOG] SystemI::createSoundInternal             : exinfo->userread           = 00007FFD46C4E580
[LOG] SystemI::createSoundInternal             : exinfo->userseek           = 00007FFD46C4E640
[LOG] SystemI::createSoundInternal             : exinfo->fileuserdata       = 000000004D73AA78
[LOG] SystemI::createSoundInternal             : exinfo->initialseekpostype = 1
[LOG] SystemI::DSPCodecPoolRegister            : register codec pool for pool type 5
[LOG] SystemI::createSoundInternal             : Sample 0/1: name='FlowerPickUp_Poof1', format=2, channels=2, frequency=48000, lengthbytes=8096, lengthpcm=34235, pcmblocksize=0, loopstart=0, loopend=0, mode=0x00000000, channelmask=0x00000000, channelorder=0, peakvolume=0.508911.
[LOG] SystemI::createSoundInternal             : Create name='', mode=0x02000202
[LOG] SystemI::createSoundInternal             : exinfo->cbsize             = 232
[LOG] SystemI::createSoundInternal             : exinfo->length             = 2260448
[LOG] SystemI::createSoundInternal             : exinfo->fileoffset         = 25856
[LOG] SystemI::createSoundInternal             : exinfo->numsubsounds       = 1
[LOG] SystemI::createSoundInternal             : exinfo->inclusionlist      = 000000005398F5FC
[LOG] SystemI::createSoundInternal             : exinfo->inclusionlistnum   = 1
[LOG] SystemI::createSoundInternal             : exinfo->suggestedsoundtype = 5
[LOG] SystemI::createSoundInternal             : exinfo->useropen           = 00007FFD46C4E4B0
[LOG] SystemI::createSoundInternal             : exinfo->userclose          = 00007FFD46C4E480
[LOG] SystemI::createSoundInternal             : exinfo->userread           = 00007FFD46C4E580
[LOG] SystemI::createSoundInternal             : exinfo->userseek           = 00007FFD46C4E640
[LOG] SystemI::createSoundInternal             : exinfo->fileuserdata       = 000000004D73AA78
[LOG] SystemI::createSoundInternal             : exinfo->initialseekpostype = 1
[LOG] SystemI::DSPCodecPoolRegister            : register codec pool for pool type 5
[LOG] SystemI::createSoundInternal             : Sample 0/1: name='FlowerPickUp_Chimes', format=2, channels=2, frequency=48000, lengthbytes=22336, lengthpcm=69924, pcmblocksize=0, loopstart=0, loopend=0, mode=0x00000000, channelmask=0x00000000, channelorder=0, peakvolume=0.577209.
[LOG] SystemI::createSoundInternal             : Create name='', mode=0x02000202
[LOG] SystemI::createSoundInternal             : exinfo->cbsize             = 232
[LOG] SystemI::createSoundInternal             : exinfo->length             = 2260448
[LOG] SystemI::createSoundInternal             : exinfo->fileoffset         = 25856
[LOG] SystemI::createSoundInternal             : exinfo->numsubsounds       = 1
[LOG] SystemI::createSoundInternal             : exinfo->inclusionlist      = 000000005398F5FC
[LOG] SystemI::createSoundInternal             : exinfo->inclusionlistnum   = 1
[LOG] SystemI::createSoundInternal             : exinfo->suggestedsoundtype = 5
[LOG] SystemI::createSoundInternal             : exinfo->useropen           = 00007FFD46C4E4B0
[LOG] SystemI::createSoundInternal             : exinfo->userclose          = 00007FFD46C4E480
[LOG] SystemI::createSoundInternal             : exinfo->userread           = 00007FFD46C4E580
[LOG] SystemI::createSoundInternal             : exinfo->userseek           = 00007FFD46C4E640
[LOG] SystemI::createSoundInternal             : exinfo->fileuserdata       = 000000004D73AA78
[LOG] SystemI::createSoundInternal             : exinfo->initialseekpostype = 1
[LOG] SystemI::DSPCodecPoolRegister            : register codec pool for pool type 5
[LOG] SystemI::createSoundInternal             : Sample 0/1: name='FlowerPickUp_Poof2', format=2, channels=2, frequency=48000, lengthbytes=7872, lengthpcm=34494, pcmblocksize=0, loopstart=0, loopend=0, mode=0x00000000, channelmask=0x00000000, channelorder=0, peakvolume=0.511017.
[LOG] SystemI::createSound                     : filename = C:\Users\John\Documents\GitHub\WGJ-Week-53\WGJ Week 53 FMOD Session\Build\Desktop/Master Bank.bank : mode 02010082
[LOG] SystemI::createSound                     : FMOD_NONBLOCKING specified.  Putting into queue to be opened asynchronously!
[LOG] SystemI::createSound                     : setdata soundi = 0000000043441528 : node = 000000004D884170
[LOG] SystemI::createSound                     : add node to async list : head = 000000004D561AD8.  list count = 0
[LOG] AsyncThread::threadFunc                  : Starting Asynchronous operation on sound 0000000043441528
[LOG] SystemI::createSoundInternal             :     Create name='C:\Users\John\Documents\GitHub\WGJ-Week-53\WGJ Week 53 FMOD Session\Build\Desktop/Master Bank.bank', mode=0x02010082
[LOG] SystemI::createSoundInternal             :     exinfo->cbsize             = 232
[LOG] SystemI::createSoundInternal             :     exinfo->length             = 2260448
[LOG] SystemI::createSoundInternal             :     exinfo->fileoffset         = 25856
[LOG] SystemI::createSoundInternal             :     exinfo->numsubsounds       = 1
[LOG] SystemI::createSoundInternal             :     exinfo->inclusionlist      = 000000004D884288
[LOG] SystemI::createSoundInternal             :     exinfo->inclusionlistnum   = 1
[LOG] SystemI::createSoundInternal             :     exinfo->suggestedsoundtype = 5
[LOG] SystemI::createSoundInternal             :     exinfo->initialseekpostype = 1
[LOG] SystemI::createSoundInternal             :     Stream 0/1: name='MusicParts_02', format=2, channels=2, frequency=48000, lengthbytes=417472, lengthpcm=1474560, pcmblocksize=0, loopstart=0, loopend=0, mode=0x00000000, channelmask=0x00000000, channelorder=0, peakvolume=0.398895.
[LOG] AsyncThread::threadFunc                  : Finished Asynchronous operation on sound 0000000043441528
[LOG] SoundI::getSubSound                      : sound 0000000043441528.  Subsound index 0 / 1
[LOG] SoundI::release                          : MusicPart_Intro (0000000043441BE8)
[LOG] SoundI::release                          :     MusicPart_Intro (000000004D561308)
[LOG] SoundI::release                          :     MusicPart_Intro (00000000434405F8)
[LOG] SystemI::createSoundInternal             : Create name='', mode=0x02000202
[LOG] SystemI::createSoundInternal             : exinfo->cbsize             = 232
[LOG] SystemI::createSoundInternal             : exinfo->length             = 2260448
[LOG] SystemI::createSoundInternal             : exinfo->fileoffset         = 25856
[LOG] SystemI::createSoundInternal             : exinfo->numsubsounds       = 1
[LOG] SystemI::createSoundInternal             : exinfo->inclusionlist      = 000000005398F5FC
[LOG] SystemI::createSoundInternal             : exinfo->inclusionlistnum   = 1
[LOG] SystemI::createSoundInternal             : exinfo->suggestedsoundtype = 5
[LOG] SystemI::createSoundInternal             : exinfo->useropen           = 00007FFD46C4E4B0
[LOG] SystemI::createSoundInternal             : exinfo->userclose          = 00007FFD46C4E480
[LOG] SystemI::createSoundInternal             : exinfo->userread           = 00007FFD46C4E580
[LOG] SystemI::createSoundInternal             : exinfo->userseek           = 00007FFD46C4E640
[LOG] SystemI::createSoundInternal             : exinfo->fileuserdata       = 000000003E8FE8D8
[LOG] SystemI::createSoundInternal             : exinfo->initialseekpostype = 1
[LOG] SystemI::DSPCodecPoolRegister            : register codec pool for pool type 5
[LOG] SystemI::createSoundInternal             : Sample 0/1: name='StingSound_01', format=2, channels=2, frequency=48000, lengthbytes=6880, lengthpcm=34608, pcmblocksize=0, loopstart=0, loopend=0, mode=0x00000000, channelmask=0x00000000, channelorder=0, peakvolume=0.466736.
[LOG] SystemI::createSound                     : filename = C:\Users\John\Documents\GitHub\WGJ-Week-53\WGJ Week 53 FMOD Session\Build\Desktop/Master Bank.bank : mode 02010082
[LOG] SystemI::createSound                     : FMOD_NONBLOCKING specified.  Putting into queue to be opened asynchronously!
[LOG] SystemI::createSound                     : setdata soundi = 0000000043441018 : node = 000000004D883450
[LOG] SystemI::createSound                     : add node to async list : head = 000000004D561AD8.  list count = 0
[LOG] AsyncThread::threadFunc                  : Starting Asynchronous operation on sound 0000000043441018
[LOG] SystemI::createSoundInternal             :     Create name='C:\Users\John\Documents\GitHub\WGJ-Week-53\WGJ Week 53 FMOD Session\Build\Desktop/Master Bank.bank', mode=0x02010082
[LOG] SystemI::createSoundInternal             :     exinfo->cbsize             = 232
[LOG] SystemI::createSoundInternal             :     exinfo->length             = 2260448
[LOG] SystemI::createSoundInternal             :     exinfo->fileoffset         = 25856
[LOG] SystemI::createSoundInternal             :     exinfo->numsubsounds       = 1
[LOG] SystemI::createSoundInternal             :     exinfo->inclusionlist      = 000000004D883568
[LOG] SystemI::createSoundInternal             :     exinfo->inclusionlistnum   = 1
[LOG] SystemI::createSoundInternal             :     exinfo->suggestedsoundtype = 5
[LOG] SystemI::createSoundInternal             :     exinfo->initialseekpostype = 1
[LOG] SystemI::createSoundInternal             :     Stream 0/1: name='GuyComplain_05', format=2, channels=1, frequency=48000, lengthbytes=123808, lengthpcm=736224, pcmblocksize=0, loopstart=0, loopend=0, mode=0x00000000, channelmask=0x00000000, channelorder=0, peakvolume=0.138092.
[LOG] AsyncThread::threadFunc                  : Finished Asynchronous operation on sound 0000000043441018
[LOG] SoundI::release                          : MusicParts_02 (0000000043441528)
[LOG] SoundI::release                          :     MusicParts_02 (000000004D5617E8)
[LOG] SoundI::release                          :     MusicParts_02 (00000000434422A8)
[LOG] SoundI::getSubSound                      : sound 0000000043441018.  Subsound index 0 / 1
[LOG] SoundI::release                          : GuyComplain_05 (0000000043441018)
[LOG] SoundI::release                          :     GuyComplain_05 (000000004D5602C8)
[LOG] SoundI::release                          :     GuyComplain_05 (0000000043441BE8)
[LOG] SoundI::release                          : Ambience_1 (0000000043440E68)
[LOG] SoundI::release                          :     Ambience_1 (000000004D5614A8)
[LOG] SoundI::release                          :     Ambience_1 (00000000434407A8)
[LOG] SoundI::release                          :  (000000001BA9CC28)
[LOG] SoundI::release                          :     Button_Hover (000000004D5607A8)
[LOG] SoundI::release                          :  (000000001BA9E328)
[LOG] SoundI::release                          :     FlowerPickUp_Synth2 (000000004D560608)
[LOG] SoundI::release                          :  (000000001BA9D1E8)
[LOG] SoundI::release                          :     FlowerPickUp_Chimes (000000004D560128)
[LOG] SoundI::release                          :  (000000001BA9D638)
[LOG] SoundI::release                          :     FlowerPickUp_Poof1 (000000004D560AE8)
[LOG] SoundI::release                          :  (000000004D8812D8)
[LOG] SoundI::release                          :     FlowerPickUp_Poof2 (000000004D561648)
[LOG] SoundI::release                          :  (000000001BA9E608)
[LOG] SoundI::release                          :     FlowerPickUp_Poof3 (000000004D560468)
[LOG] SoundI::release                          :  (000000004D87FA68)
[LOG] SoundI::release                          :     StingSound_01 (000000004D561308)
[LOG] Thread::callback                         : FMOD Studio update thread finished.
[LOG] Thread::callback                         : FMOD Studio bank load thread finished.
[LOG] Profile::disconnectAll                   : Profiler disconnecting all clients
[LOG] Thread::callback                         : FMOD Studio sample load thread finished.
[LOG] LiveUpdate::release                      : 
[LOG] LiveUpdate::reset                        : Reset connection (reason Disconnected)
[LOG] Thread::callback                         : FMOD stream thread finished.
[LOG] Thread::callback                         : FMOD mixer thread finished.
[LOG] Profile::disconnectAll                   : Profiler disconnecting all clients
[LOG] Thread::callback                         : FMOD nonblocking thread (0) finished.
[LOG] Thread::callback                         : FMOD file thread finished.
[LOG] SystemI::close                           : Closed.
